<?xml version="1.0" encoding="UTF-8"?>
<testsuites>
  <testsuite name="moneyTransTester" tests="1" assertions="4" errors="0" failures="0" skipped="0" time="0.009557">
    <testsuite name="ApiTest" file="C:\xampp\htdocs\moneyTran\tests\ApiTest.php" tests="1" assertions="4" errors="0" failures="0" skipped="0" time="0.009557">
      <testcase name="testCSVFile" class="ApiTest" classname="ApiTest" file="C:\xampp\htdocs\moneyTran\tests\ApiTest.php" line="13" assertions="4" time="0.009557"/>
    </testsuite>
  </testsuite>
</testsuites>
